
The following have been reloaded with a version change:
  1) rocoto/1.3.1 => rocoto/1.3.3

       CYCLE                    TASK                       JOBID               STATE         EXIT STATUS     TRIES      DURATION
================================================================================================================================
202012210000         gdasretrievemet                           -                   -                   -         -             -
202012210000          gdasmetinccntl                           -                   -                   -         -             -
202012210000       gdasmetinc_enkf01                           -                   -                   -         -             -
202012210000       gdasmetinc_enkf02                           -                   -                   -         -             -
202012210000       gdasmetinc_enkf03                           -                   -                   -         -             -
202012210000       gdasmetinc_enkf04                           -                   -                   -         -             -
202012210000          gdasaeroanlvar                           -                   -                   -         -             -
202012210000         gdasaeroanlenkf                           -                   -                   -         -             -
202012210000    gdasaeroanl_efinal01                           -                   -                   -         -             -
202012210000    gdasaeroanl_efinal02                           -                   -                   -         -             -
202012210000    gdasaeroanl_efinal03                           -                   -                   -         -             -
202012210000    gdasaeroanl_efinal04                           -                   -                   -         -             -
202012210000          gdasaerodiag01                           -                   -                   -         -             -
202012210000          gdasaerodiag02                           -                   -                   -         -             -
202012210000          gdasaerodiag03                           -                   -                   -         -             -
202012210000          gdasaerodiag04                           -                   -                   -         -             -
202012210000                gdasfcst                    51945963           SUCCEEDED                   0         1         458.0
202012210000              gdasefcs01         druby://hfe05:43461          SUBMITTING                   -         0           0.0
202012210000              gdasefcs02                           -                   -                   -         -             -
202012210000              gdasefcs03                           -                   -                   -         -             -
202012210000              gdasefcs04                           -                   -                   -         -             -
202012210000              gdasemean1                           -                   -                   -         -             -
202012210000              gdasemean2                           -                   -                   -         -             -
202012210000              gdasemean3                           -                   -                   -         -             -
202012210000              gdasemean4                           -                   -                   -         -             -
202012210000              gdasemean5                           -                   -                   -         -             -
202012210000              gdasemean6                           -                   -                   -         -             -
202012210000                gdasarch                           -                   -                   -         -             -
