/apps/rocoto/1.3.3/bin/rocotorun -w /home/Bo.Huang/JEDI-2020/UFS-Aerosols_RETcyc/UFS-Aerosols-EP4_JEDI-AeroDA-Reanl/dr-work-mpi/xmlFiles//RET_EP4_SpinUp_YesSfcanl_v15_0delz_41M_C96_202005.xml -d /scratch2/BMC/gsd-fv3-dev/bhuang/expRuns/UFS-Aerosols_RETcyc//RET_EP4_SpinUp_YesSfcanl_v15_0delz_41M_C96_202005/dr-work/RET_EP4_SpinUp_YesSfcanl_v15_0delz_41M_C96_202005.db
/bin/bash -c /home/Bo.Huang/JEDI-2020/UFS-Aerosols_RETcyc/UFS-Aerosols-EP4_JEDI-AeroDA-Reanl//jobs/rocoto/checkdep_aerofcst_emis.sh (2020-05-26 06:00:00 UTC)
+ EMISDIR_NRT=/scratch1/BMC/gsd-fv3-dev/MAPP_2018/bhuang/JEDI-2020/JEDI-FV3/NRTdata_UFS-Aerosols/gocart_emissions/
+ GBBDIR_NRT=/scratch1/BMC/gsd-fv3-dev/MAPP_2018/bhuang/JEDI-2020/JEDI-FV3/NRTdata_UFS-Aerosols/gocart_emissions//nexus/GBBEPx_v004/
+ CEDSDIR_NRT=/scratch1/BMC/gsd-fv3-dev/MAPP_2018/bhuang/JEDI-2020/JEDI-FV3/NRTdata_UFS-Aerosols/gocart_emissions//nexus/CEDS/v2019/
+ MEGANDIR_NRT=/scratch1/BMC/gsd-fv3-dev/MAPP_2018/bhuang/JEDI-2020/JEDI-FV3/NRTdata_UFS-Aerosols/gocart_emissions//nexus/MEGAN_OFFLINE_BVOC/v2019-10/
+ DUSTDIR_NRT=/scratch1/BMC/gsd-fv3-dev/MAPP_2018/bhuang/JEDI-2020/JEDI-FV3/NRTdata_UFS-Aerosols/gocart_emissions//nexus/FENGSHA-HBO/
+ CEDSVER=2019
+ GBBVER=gbbepx_v004
+ CDATE=2020052606
+ DAYINTHR=24
+ NDATE=/scratch2/NCEPDEV/nwprod/NCEPLIBS/utils/prod_util.v1.1.0/exec/ndate
++ echo 2020052606
++ cut -c9-10
+ CH=06
++ /scratch2/NCEPDEV/nwprod/NCEPLIBS/utils/prod_util.v1.1.0/exec/ndate -24 2020052606
+ MDATE=2020052506
++ /scratch2/NCEPDEV/nwprod/NCEPLIBS/utils/prod_util.v1.1.0/exec/ndate +24 2020052606
+ PDATE=2020052706
+ for IDATE in '${MDATE}' '${CDATE}' '${PDATE}'
++ cut -c1-4
++ echo 2020052506
+ IYY=2020
++ echo 2020052506
++ cut -c5-6
+ IMM=05
++ echo 2020052506
++ cut -c7-8
+ IDD=25
++ echo 2020052506
++ cut -c9-10
+ IHH=06
++ echo 2020052506
++ cut -c1-8
+ IYMD=20200525
+ '[' gbbepx_v004 = gbbepx_v003 ']'
+ '[' gbbepx_v004 = gbbepx_v004 ']'
+ GBBFILE=/scratch1/BMC/gsd-fv3-dev/MAPP_2018/bhuang/JEDI-2020/JEDI-FV3/NRTdata_UFS-Aerosols/gocart_emissions//nexus/GBBEPx_v004//GBBEPx_all01GRID.emissions_v004_20200525.nc
+ CEDSFILE=/scratch1/BMC/gsd-fv3-dev/MAPP_2018/bhuang/JEDI-2020/JEDI-FV3/NRTdata_UFS-Aerosols/gocart_emissions//nexus/CEDS/v2019//2020/CEDS.2019.emis.20200525.nc
+ MEGANFILE=/scratch1/BMC/gsd-fv3-dev/MAPP_2018/bhuang/JEDI-2020/JEDI-FV3/NRTdata_UFS-Aerosols/gocart_emissions//nexus/MEGAN_OFFLINE_BVOC/v2019-10//2020/MEGAN.OFFLINE.BIOVOC.2020.emis.20200525.nc
+ DUSTFILE=/scratch1/BMC/gsd-fv3-dev/MAPP_2018/bhuang/JEDI-2020/JEDI-FV3/NRTdata_UFS-Aerosols/gocart_emissions//nexus/FENGSHA-HBO//FENGSHA_2022_NESDIS_inputs_10km_v3.2.nc
+ for IFILE in '${GBBFILE}' '${CEDSFILE}' '${MEGANFILE}'
+ '[' '!' -f /scratch1/BMC/gsd-fv3-dev/MAPP_2018/bhuang/JEDI-2020/JEDI-FV3/NRTdata_UFS-Aerosols/gocart_emissions//nexus/GBBEPx_v004//GBBEPx_all01GRID.emissions_v004_20200525.nc ']'
+ for IFILE in '${GBBFILE}' '${CEDSFILE}' '${MEGANFILE}'
+ '[' '!' -f /scratch1/BMC/gsd-fv3-dev/MAPP_2018/bhuang/JEDI-2020/JEDI-FV3/NRTdata_UFS-Aerosols/gocart_emissions//nexus/CEDS/v2019//2020/CEDS.2019.emis.20200525.nc ']'
+ for IFILE in '${GBBFILE}' '${CEDSFILE}' '${MEGANFILE}'
+ '[' '!' -f /scratch1/BMC/gsd-fv3-dev/MAPP_2018/bhuang/JEDI-2020/JEDI-FV3/NRTdata_UFS-Aerosols/gocart_emissions//nexus/MEGAN_OFFLINE_BVOC/v2019-10//2020/MEGAN.OFFLINE.BIOVOC.2020.emis.20200525.nc ']'
+ for IDATE in '${MDATE}' '${CDATE}' '${PDATE}'
++ echo 2020052606
++ cut -c1-4
+ IYY=2020
++ echo 2020052606
++ cut -c5-6
+ IMM=05
++ echo 2020052606
++ cut -c7-8
+ IDD=26
++ echo 2020052606
++ cut -c9-10
+ IHH=06
++ echo 2020052606
++ cut -c1-8
+ IYMD=20200526
+ '[' gbbepx_v004 = gbbepx_v003 ']'
+ '[' gbbepx_v004 = gbbepx_v004 ']'
+ GBBFILE=/scratch1/BMC/gsd-fv3-dev/MAPP_2018/bhuang/JEDI-2020/JEDI-FV3/NRTdata_UFS-Aerosols/gocart_emissions//nexus/GBBEPx_v004//GBBEPx_all01GRID.emissions_v004_20200526.nc
+ CEDSFILE=/scratch1/BMC/gsd-fv3-dev/MAPP_2018/bhuang/JEDI-2020/JEDI-FV3/NRTdata_UFS-Aerosols/gocart_emissions//nexus/CEDS/v2019//2020/CEDS.2019.emis.20200526.nc
+ MEGANFILE=/scratch1/BMC/gsd-fv3-dev/MAPP_2018/bhuang/JEDI-2020/JEDI-FV3/NRTdata_UFS-Aerosols/gocart_emissions//nexus/MEGAN_OFFLINE_BVOC/v2019-10//2020/MEGAN.OFFLINE.BIOVOC.2020.emis.20200526.nc
+ DUSTFILE=/scratch1/BMC/gsd-fv3-dev/MAPP_2018/bhuang/JEDI-2020/JEDI-FV3/NRTdata_UFS-Aerosols/gocart_emissions//nexus/FENGSHA-HBO//FENGSHA_2022_NESDIS_inputs_10km_v3.2.nc
+ for IFILE in '${GBBFILE}' '${CEDSFILE}' '${MEGANFILE}'
+ '[' '!' -f /scratch1/BMC/gsd-fv3-dev/MAPP_2018/bhuang/JEDI-2020/JEDI-FV3/NRTdata_UFS-Aerosols/gocart_emissions//nexus/GBBEPx_v004//GBBEPx_all01GRID.emissions_v004_20200526.nc ']'
+ for IFILE in '${GBBFILE}' '${CEDSFILE}' '${MEGANFILE}'
+ '[' '!' -f /scratch1/BMC/gsd-fv3-dev/MAPP_2018/bhuang/JEDI-2020/JEDI-FV3/NRTdata_UFS-Aerosols/gocart_emissions//nexus/CEDS/v2019//2020/CEDS.2019.emis.20200526.nc ']'
+ for IFILE in '${GBBFILE}' '${CEDSFILE}' '${MEGANFILE}'
+ '[' '!' -f /scratch1/BMC/gsd-fv3-dev/MAPP_2018/bhuang/JEDI-2020/JEDI-FV3/NRTdata_UFS-Aerosols/gocart_emissions//nexus/MEGAN_OFFLINE_BVOC/v2019-10//2020/MEGAN.OFFLINE.BIOVOC.2020.emis.20200526.nc ']'
+ for IDATE in '${MDATE}' '${CDATE}' '${PDATE}'
++ cut -c1-4
++ echo 2020052706
+ IYY=2020
++ echo 2020052706
++ cut -c5-6
+ IMM=05
++ echo 2020052706
++ cut -c7-8
+ IDD=27
++ echo 2020052706
++ cut -c9-10
+ IHH=06
++ cut -c1-8
++ echo 2020052706
+ IYMD=20200527
+ '[' gbbepx_v004 = gbbepx_v003 ']'
+ '[' gbbepx_v004 = gbbepx_v004 ']'
+ GBBFILE=/scratch1/BMC/gsd-fv3-dev/MAPP_2018/bhuang/JEDI-2020/JEDI-FV3/NRTdata_UFS-Aerosols/gocart_emissions//nexus/GBBEPx_v004//GBBEPx_all01GRID.emissions_v004_20200527.nc
+ CEDSFILE=/scratch1/BMC/gsd-fv3-dev/MAPP_2018/bhuang/JEDI-2020/JEDI-FV3/NRTdata_UFS-Aerosols/gocart_emissions//nexus/CEDS/v2019//2020/CEDS.2019.emis.20200527.nc
+ MEGANFILE=/scratch1/BMC/gsd-fv3-dev/MAPP_2018/bhuang/JEDI-2020/JEDI-FV3/NRTdata_UFS-Aerosols/gocart_emissions//nexus/MEGAN_OFFLINE_BVOC/v2019-10//2020/MEGAN.OFFLINE.BIOVOC.2020.emis.20200527.nc
+ DUSTFILE=/scratch1/BMC/gsd-fv3-dev/MAPP_2018/bhuang/JEDI-2020/JEDI-FV3/NRTdata_UFS-Aerosols/gocart_emissions//nexus/FENGSHA-HBO//FENGSHA_2022_NESDIS_inputs_10km_v3.2.nc
+ for IFILE in '${GBBFILE}' '${CEDSFILE}' '${MEGANFILE}'
+ '[' '!' -f /scratch1/BMC/gsd-fv3-dev/MAPP_2018/bhuang/JEDI-2020/JEDI-FV3/NRTdata_UFS-Aerosols/gocart_emissions//nexus/GBBEPx_v004//GBBEPx_all01GRID.emissions_v004_20200527.nc ']'
+ for IFILE in '${GBBFILE}' '${CEDSFILE}' '${MEGANFILE}'
+ '[' '!' -f /scratch1/BMC/gsd-fv3-dev/MAPP_2018/bhuang/JEDI-2020/JEDI-FV3/NRTdata_UFS-Aerosols/gocart_emissions//nexus/CEDS/v2019//2020/CEDS.2019.emis.20200527.nc ']'
+ for IFILE in '${GBBFILE}' '${CEDSFILE}' '${MEGANFILE}'
+ '[' '!' -f /scratch1/BMC/gsd-fv3-dev/MAPP_2018/bhuang/JEDI-2020/JEDI-FV3/NRTdata_UFS-Aerosols/gocart_emissions//nexus/MEGAN_OFFLINE_BVOC/v2019-10//2020/MEGAN.OFFLINE.BIOVOC.2020.emis.20200527.nc ']'
+ exit 0
/bin/bash -c /home/Bo.Huang/JEDI-2020/UFS-Aerosols_RETcyc/UFS-Aerosols-EP4_JEDI-AeroDA-Reanl//jobs/rocoto/checkdep_aerofcst_emis.sh (2020-05-26 06:00:00 UTC)
+ EMISDIR_NRT=/scratch1/BMC/gsd-fv3-dev/MAPP_2018/bhuang/JEDI-2020/JEDI-FV3/NRTdata_UFS-Aerosols/gocart_emissions/
+ GBBDIR_NRT=/scratch1/BMC/gsd-fv3-dev/MAPP_2018/bhuang/JEDI-2020/JEDI-FV3/NRTdata_UFS-Aerosols/gocart_emissions//nexus/GBBEPx_v004/
+ CEDSDIR_NRT=/scratch1/BMC/gsd-fv3-dev/MAPP_2018/bhuang/JEDI-2020/JEDI-FV3/NRTdata_UFS-Aerosols/gocart_emissions//nexus/CEDS/v2019/
+ MEGANDIR_NRT=/scratch1/BMC/gsd-fv3-dev/MAPP_2018/bhuang/JEDI-2020/JEDI-FV3/NRTdata_UFS-Aerosols/gocart_emissions//nexus/MEGAN_OFFLINE_BVOC/v2019-10/
+ DUSTDIR_NRT=/scratch1/BMC/gsd-fv3-dev/MAPP_2018/bhuang/JEDI-2020/JEDI-FV3/NRTdata_UFS-Aerosols/gocart_emissions//nexus/FENGSHA-HBO/
+ CEDSVER=2019
+ GBBVER=gbbepx_v004
+ CDATE=2020052606
+ DAYINTHR=24
+ NDATE=/scratch2/NCEPDEV/nwprod/NCEPLIBS/utils/prod_util.v1.1.0/exec/ndate
++ echo 2020052606
++ cut -c9-10
+ CH=06
++ /scratch2/NCEPDEV/nwprod/NCEPLIBS/utils/prod_util.v1.1.0/exec/ndate -24 2020052606
+ MDATE=2020052506
++ /scratch2/NCEPDEV/nwprod/NCEPLIBS/utils/prod_util.v1.1.0/exec/ndate +24 2020052606
+ PDATE=2020052706
+ for IDATE in '${MDATE}' '${CDATE}' '${PDATE}'
++ cut -c1-4
++ echo 2020052506
+ IYY=2020
++ echo 2020052506
++ cut -c5-6
+ IMM=05
++ echo 2020052506
++ cut -c7-8
+ IDD=25
++ echo 2020052506
++ cut -c9-10
+ IHH=06
++ echo 2020052506
++ cut -c1-8
+ IYMD=20200525
+ '[' gbbepx_v004 = gbbepx_v003 ']'
+ '[' gbbepx_v004 = gbbepx_v004 ']'
+ GBBFILE=/scratch1/BMC/gsd-fv3-dev/MAPP_2018/bhuang/JEDI-2020/JEDI-FV3/NRTdata_UFS-Aerosols/gocart_emissions//nexus/GBBEPx_v004//GBBEPx_all01GRID.emissions_v004_20200525.nc
+ CEDSFILE=/scratch1/BMC/gsd-fv3-dev/MAPP_2018/bhuang/JEDI-2020/JEDI-FV3/NRTdata_UFS-Aerosols/gocart_emissions//nexus/CEDS/v2019//2020/CEDS.2019.emis.20200525.nc
+ MEGANFILE=/scratch1/BMC/gsd-fv3-dev/MAPP_2018/bhuang/JEDI-2020/JEDI-FV3/NRTdata_UFS-Aerosols/gocart_emissions//nexus/MEGAN_OFFLINE_BVOC/v2019-10//2020/MEGAN.OFFLINE.BIOVOC.2020.emis.20200525.nc
+ DUSTFILE=/scratch1/BMC/gsd-fv3-dev/MAPP_2018/bhuang/JEDI-2020/JEDI-FV3/NRTdata_UFS-Aerosols/gocart_emissions//nexus/FENGSHA-HBO//FENGSHA_2022_NESDIS_inputs_10km_v3.2.nc
+ for IFILE in '${GBBFILE}' '${CEDSFILE}' '${MEGANFILE}'
+ '[' '!' -f /scratch1/BMC/gsd-fv3-dev/MAPP_2018/bhuang/JEDI-2020/JEDI-FV3/NRTdata_UFS-Aerosols/gocart_emissions//nexus/GBBEPx_v004//GBBEPx_all01GRID.emissions_v004_20200525.nc ']'
+ for IFILE in '${GBBFILE}' '${CEDSFILE}' '${MEGANFILE}'
+ '[' '!' -f /scratch1/BMC/gsd-fv3-dev/MAPP_2018/bhuang/JEDI-2020/JEDI-FV3/NRTdata_UFS-Aerosols/gocart_emissions//nexus/CEDS/v2019//2020/CEDS.2019.emis.20200525.nc ']'
+ for IFILE in '${GBBFILE}' '${CEDSFILE}' '${MEGANFILE}'
+ '[' '!' -f /scratch1/BMC/gsd-fv3-dev/MAPP_2018/bhuang/JEDI-2020/JEDI-FV3/NRTdata_UFS-Aerosols/gocart_emissions//nexus/MEGAN_OFFLINE_BVOC/v2019-10//2020/MEGAN.OFFLINE.BIOVOC.2020.emis.20200525.nc ']'
+ for IDATE in '${MDATE}' '${CDATE}' '${PDATE}'
++ echo 2020052606
++ cut -c1-4
+ IYY=2020
++ echo 2020052606
++ cut -c5-6
+ IMM=05
++ echo 2020052606
++ cut -c7-8
+ IDD=26
++ echo 2020052606
++ cut -c9-10
+ IHH=06
++ echo 2020052606
++ cut -c1-8
+ IYMD=20200526
+ '[' gbbepx_v004 = gbbepx_v003 ']'
+ '[' gbbepx_v004 = gbbepx_v004 ']'
+ GBBFILE=/scratch1/BMC/gsd-fv3-dev/MAPP_2018/bhuang/JEDI-2020/JEDI-FV3/NRTdata_UFS-Aerosols/gocart_emissions//nexus/GBBEPx_v004//GBBEPx_all01GRID.emissions_v004_20200526.nc
+ CEDSFILE=/scratch1/BMC/gsd-fv3-dev/MAPP_2018/bhuang/JEDI-2020/JEDI-FV3/NRTdata_UFS-Aerosols/gocart_emissions//nexus/CEDS/v2019//2020/CEDS.2019.emis.20200526.nc
+ MEGANFILE=/scratch1/BMC/gsd-fv3-dev/MAPP_2018/bhuang/JEDI-2020/JEDI-FV3/NRTdata_UFS-Aerosols/gocart_emissions//nexus/MEGAN_OFFLINE_BVOC/v2019-10//2020/MEGAN.OFFLINE.BIOVOC.2020.emis.20200526.nc
+ DUSTFILE=/scratch1/BMC/gsd-fv3-dev/MAPP_2018/bhuang/JEDI-2020/JEDI-FV3/NRTdata_UFS-Aerosols/gocart_emissions//nexus/FENGSHA-HBO//FENGSHA_2022_NESDIS_inputs_10km_v3.2.nc
+ for IFILE in '${GBBFILE}' '${CEDSFILE}' '${MEGANFILE}'
+ '[' '!' -f /scratch1/BMC/gsd-fv3-dev/MAPP_2018/bhuang/JEDI-2020/JEDI-FV3/NRTdata_UFS-Aerosols/gocart_emissions//nexus/GBBEPx_v004//GBBEPx_all01GRID.emissions_v004_20200526.nc ']'
+ for IFILE in '${GBBFILE}' '${CEDSFILE}' '${MEGANFILE}'
+ '[' '!' -f /scratch1/BMC/gsd-fv3-dev/MAPP_2018/bhuang/JEDI-2020/JEDI-FV3/NRTdata_UFS-Aerosols/gocart_emissions//nexus/CEDS/v2019//2020/CEDS.2019.emis.20200526.nc ']'
+ for IFILE in '${GBBFILE}' '${CEDSFILE}' '${MEGANFILE}'
+ '[' '!' -f /scratch1/BMC/gsd-fv3-dev/MAPP_2018/bhuang/JEDI-2020/JEDI-FV3/NRTdata_UFS-Aerosols/gocart_emissions//nexus/MEGAN_OFFLINE_BVOC/v2019-10//2020/MEGAN.OFFLINE.BIOVOC.2020.emis.20200526.nc ']'
+ for IDATE in '${MDATE}' '${CDATE}' '${PDATE}'
++ echo 2020052706
++ cut -c1-4
+ IYY=2020
++ echo 2020052706
++ cut -c5-6
+ IMM=05
++ echo 2020052706
++ cut -c7-8
+ IDD=27
++ echo 2020052706
++ cut -c9-10
+ IHH=06
++ echo 2020052706
++ cut -c1-8
+ IYMD=20200527
+ '[' gbbepx_v004 = gbbepx_v003 ']'
+ '[' gbbepx_v004 = gbbepx_v004 ']'
+ GBBFILE=/scratch1/BMC/gsd-fv3-dev/MAPP_2018/bhuang/JEDI-2020/JEDI-FV3/NRTdata_UFS-Aerosols/gocart_emissions//nexus/GBBEPx_v004//GBBEPx_all01GRID.emissions_v004_20200527.nc
+ CEDSFILE=/scratch1/BMC/gsd-fv3-dev/MAPP_2018/bhuang/JEDI-2020/JEDI-FV3/NRTdata_UFS-Aerosols/gocart_emissions//nexus/CEDS/v2019//2020/CEDS.2019.emis.20200527.nc
+ MEGANFILE=/scratch1/BMC/gsd-fv3-dev/MAPP_2018/bhuang/JEDI-2020/JEDI-FV3/NRTdata_UFS-Aerosols/gocart_emissions//nexus/MEGAN_OFFLINE_BVOC/v2019-10//2020/MEGAN.OFFLINE.BIOVOC.2020.emis.20200527.nc
+ DUSTFILE=/scratch1/BMC/gsd-fv3-dev/MAPP_2018/bhuang/JEDI-2020/JEDI-FV3/NRTdata_UFS-Aerosols/gocart_emissions//nexus/FENGSHA-HBO//FENGSHA_2022_NESDIS_inputs_10km_v3.2.nc
+ for IFILE in '${GBBFILE}' '${CEDSFILE}' '${MEGANFILE}'
+ '[' '!' -f /scratch1/BMC/gsd-fv3-dev/MAPP_2018/bhuang/JEDI-2020/JEDI-FV3/NRTdata_UFS-Aerosols/gocart_emissions//nexus/GBBEPx_v004//GBBEPx_all01GRID.emissions_v004_20200527.nc ']'
+ for IFILE in '${GBBFILE}' '${CEDSFILE}' '${MEGANFILE}'
+ '[' '!' -f /scratch1/BMC/gsd-fv3-dev/MAPP_2018/bhuang/JEDI-2020/JEDI-FV3/NRTdata_UFS-Aerosols/gocart_emissions//nexus/CEDS/v2019//2020/CEDS.2019.emis.20200527.nc ']'
+ for IFILE in '${GBBFILE}' '${CEDSFILE}' '${MEGANFILE}'
+ '[' '!' -f /scratch1/BMC/gsd-fv3-dev/MAPP_2018/bhuang/JEDI-2020/JEDI-FV3/NRTdata_UFS-Aerosols/gocart_emissions//nexus/MEGAN_OFFLINE_BVOC/v2019-10//2020/MEGAN.OFFLINE.BIOVOC.2020.emis.20200527.nc ']'
+ exit 0
/bin/bash -c /home/Bo.Huang/JEDI-2020/UFS-Aerosols_RETcyc/UFS-Aerosols-EP4_JEDI-AeroDA-Reanl//jobs/rocoto/checkdep_aerofcst_emis.sh (2020-05-26 06:00:00 UTC)
+ EMISDIR_NRT=/scratch1/BMC/gsd-fv3-dev/MAPP_2018/bhuang/JEDI-2020/JEDI-FV3/NRTdata_UFS-Aerosols/gocart_emissions/
+ GBBDIR_NRT=/scratch1/BMC/gsd-fv3-dev/MAPP_2018/bhuang/JEDI-2020/JEDI-FV3/NRTdata_UFS-Aerosols/gocart_emissions//nexus/GBBEPx_v004/
+ CEDSDIR_NRT=/scratch1/BMC/gsd-fv3-dev/MAPP_2018/bhuang/JEDI-2020/JEDI-FV3/NRTdata_UFS-Aerosols/gocart_emissions//nexus/CEDS/v2019/
+ MEGANDIR_NRT=/scratch1/BMC/gsd-fv3-dev/MAPP_2018/bhuang/JEDI-2020/JEDI-FV3/NRTdata_UFS-Aerosols/gocart_emissions//nexus/MEGAN_OFFLINE_BVOC/v2019-10/
+ DUSTDIR_NRT=/scratch1/BMC/gsd-fv3-dev/MAPP_2018/bhuang/JEDI-2020/JEDI-FV3/NRTdata_UFS-Aerosols/gocart_emissions//nexus/FENGSHA-HBO/
+ CEDSVER=2019
+ GBBVER=gbbepx_v004
+ CDATE=2020052606
+ DAYINTHR=24
+ NDATE=/scratch2/NCEPDEV/nwprod/NCEPLIBS/utils/prod_util.v1.1.0/exec/ndate
++ echo 2020052606
++ cut -c9-10
+ CH=06
++ /scratch2/NCEPDEV/nwprod/NCEPLIBS/utils/prod_util.v1.1.0/exec/ndate -24 2020052606
+ MDATE=2020052506
++ /scratch2/NCEPDEV/nwprod/NCEPLIBS/utils/prod_util.v1.1.0/exec/ndate +24 2020052606
+ PDATE=2020052706
+ for IDATE in '${MDATE}' '${CDATE}' '${PDATE}'
++ echo 2020052506
++ cut -c1-4
+ IYY=2020
++ echo 2020052506
++ cut -c5-6
+ IMM=05
++ echo 2020052506
++ cut -c7-8
+ IDD=25
++ echo 2020052506
++ cut -c9-10
+ IHH=06
++ cut -c1-8
++ echo 2020052506
+ IYMD=20200525
+ '[' gbbepx_v004 = gbbepx_v003 ']'
+ '[' gbbepx_v004 = gbbepx_v004 ']'
+ GBBFILE=/scratch1/BMC/gsd-fv3-dev/MAPP_2018/bhuang/JEDI-2020/JEDI-FV3/NRTdata_UFS-Aerosols/gocart_emissions//nexus/GBBEPx_v004//GBBEPx_all01GRID.emissions_v004_20200525.nc
+ CEDSFILE=/scratch1/BMC/gsd-fv3-dev/MAPP_2018/bhuang/JEDI-2020/JEDI-FV3/NRTdata_UFS-Aerosols/gocart_emissions//nexus/CEDS/v2019//2020/CEDS.2019.emis.20200525.nc
+ MEGANFILE=/scratch1/BMC/gsd-fv3-dev/MAPP_2018/bhuang/JEDI-2020/JEDI-FV3/NRTdata_UFS-Aerosols/gocart_emissions//nexus/MEGAN_OFFLINE_BVOC/v2019-10//2020/MEGAN.OFFLINE.BIOVOC.2020.emis.20200525.nc
+ DUSTFILE=/scratch1/BMC/gsd-fv3-dev/MAPP_2018/bhuang/JEDI-2020/JEDI-FV3/NRTdata_UFS-Aerosols/gocart_emissions//nexus/FENGSHA-HBO//FENGSHA_2022_NESDIS_inputs_10km_v3.2.nc
+ for IFILE in '${GBBFILE}' '${CEDSFILE}' '${MEGANFILE}'
+ '[' '!' -f /scratch1/BMC/gsd-fv3-dev/MAPP_2018/bhuang/JEDI-2020/JEDI-FV3/NRTdata_UFS-Aerosols/gocart_emissions//nexus/GBBEPx_v004//GBBEPx_all01GRID.emissions_v004_20200525.nc ']'
+ for IFILE in '${GBBFILE}' '${CEDSFILE}' '${MEGANFILE}'
+ '[' '!' -f /scratch1/BMC/gsd-fv3-dev/MAPP_2018/bhuang/JEDI-2020/JEDI-FV3/NRTdata_UFS-Aerosols/gocart_emissions//nexus/CEDS/v2019//2020/CEDS.2019.emis.20200525.nc ']'
+ for IFILE in '${GBBFILE}' '${CEDSFILE}' '${MEGANFILE}'
+ '[' '!' -f /scratch1/BMC/gsd-fv3-dev/MAPP_2018/bhuang/JEDI-2020/JEDI-FV3/NRTdata_UFS-Aerosols/gocart_emissions//nexus/MEGAN_OFFLINE_BVOC/v2019-10//2020/MEGAN.OFFLINE.BIOVOC.2020.emis.20200525.nc ']'
+ for IDATE in '${MDATE}' '${CDATE}' '${PDATE}'
++ echo 2020052606
++ cut -c1-4
+ IYY=2020
++ echo 2020052606
++ cut -c5-6
+ IMM=05
++ echo 2020052606
++ cut -c7-8
+ IDD=26
++ echo 2020052606
++ cut -c9-10
+ IHH=06
++ echo 2020052606
++ cut -c1-8
+ IYMD=20200526
+ '[' gbbepx_v004 = gbbepx_v003 ']'
+ '[' gbbepx_v004 = gbbepx_v004 ']'
+ GBBFILE=/scratch1/BMC/gsd-fv3-dev/MAPP_2018/bhuang/JEDI-2020/JEDI-FV3/NRTdata_UFS-Aerosols/gocart_emissions//nexus/GBBEPx_v004//GBBEPx_all01GRID.emissions_v004_20200526.nc
+ CEDSFILE=/scratch1/BMC/gsd-fv3-dev/MAPP_2018/bhuang/JEDI-2020/JEDI-FV3/NRTdata_UFS-Aerosols/gocart_emissions//nexus/CEDS/v2019//2020/CEDS.2019.emis.20200526.nc
+ MEGANFILE=/scratch1/BMC/gsd-fv3-dev/MAPP_2018/bhuang/JEDI-2020/JEDI-FV3/NRTdata_UFS-Aerosols/gocart_emissions//nexus/MEGAN_OFFLINE_BVOC/v2019-10//2020/MEGAN.OFFLINE.BIOVOC.2020.emis.20200526.nc
+ DUSTFILE=/scratch1/BMC/gsd-fv3-dev/MAPP_2018/bhuang/JEDI-2020/JEDI-FV3/NRTdata_UFS-Aerosols/gocart_emissions//nexus/FENGSHA-HBO//FENGSHA_2022_NESDIS_inputs_10km_v3.2.nc
+ for IFILE in '${GBBFILE}' '${CEDSFILE}' '${MEGANFILE}'
+ '[' '!' -f /scratch1/BMC/gsd-fv3-dev/MAPP_2018/bhuang/JEDI-2020/JEDI-FV3/NRTdata_UFS-Aerosols/gocart_emissions//nexus/GBBEPx_v004//GBBEPx_all01GRID.emissions_v004_20200526.nc ']'
+ for IFILE in '${GBBFILE}' '${CEDSFILE}' '${MEGANFILE}'
+ '[' '!' -f /scratch1/BMC/gsd-fv3-dev/MAPP_2018/bhuang/JEDI-2020/JEDI-FV3/NRTdata_UFS-Aerosols/gocart_emissions//nexus/CEDS/v2019//2020/CEDS.2019.emis.20200526.nc ']'
+ for IFILE in '${GBBFILE}' '${CEDSFILE}' '${MEGANFILE}'
+ '[' '!' -f /scratch1/BMC/gsd-fv3-dev/MAPP_2018/bhuang/JEDI-2020/JEDI-FV3/NRTdata_UFS-Aerosols/gocart_emissions//nexus/MEGAN_OFFLINE_BVOC/v2019-10//2020/MEGAN.OFFLINE.BIOVOC.2020.emis.20200526.nc ']'
+ for IDATE in '${MDATE}' '${CDATE}' '${PDATE}'
++ echo 2020052706
++ cut -c1-4
+ IYY=2020
++ echo 2020052706
++ cut -c5-6
+ IMM=05
++ echo 2020052706
++ cut -c7-8
+ IDD=27
++ echo 2020052706
++ cut -c9-10
+ IHH=06
++ echo 2020052706
++ cut -c1-8
+ IYMD=20200527
+ '[' gbbepx_v004 = gbbepx_v003 ']'
+ '[' gbbepx_v004 = gbbepx_v004 ']'
+ GBBFILE=/scratch1/BMC/gsd-fv3-dev/MAPP_2018/bhuang/JEDI-2020/JEDI-FV3/NRTdata_UFS-Aerosols/gocart_emissions//nexus/GBBEPx_v004//GBBEPx_all01GRID.emissions_v004_20200527.nc
+ CEDSFILE=/scratch1/BMC/gsd-fv3-dev/MAPP_2018/bhuang/JEDI-2020/JEDI-FV3/NRTdata_UFS-Aerosols/gocart_emissions//nexus/CEDS/v2019//2020/CEDS.2019.emis.20200527.nc
+ MEGANFILE=/scratch1/BMC/gsd-fv3-dev/MAPP_2018/bhuang/JEDI-2020/JEDI-FV3/NRTdata_UFS-Aerosols/gocart_emissions//nexus/MEGAN_OFFLINE_BVOC/v2019-10//2020/MEGAN.OFFLINE.BIOVOC.2020.emis.20200527.nc
+ DUSTFILE=/scratch1/BMC/gsd-fv3-dev/MAPP_2018/bhuang/JEDI-2020/JEDI-FV3/NRTdata_UFS-Aerosols/gocart_emissions//nexus/FENGSHA-HBO//FENGSHA_2022_NESDIS_inputs_10km_v3.2.nc
+ for IFILE in '${GBBFILE}' '${CEDSFILE}' '${MEGANFILE}'
+ '[' '!' -f /scratch1/BMC/gsd-fv3-dev/MAPP_2018/bhuang/JEDI-2020/JEDI-FV3/NRTdata_UFS-Aerosols/gocart_emissions//nexus/GBBEPx_v004//GBBEPx_all01GRID.emissions_v004_20200527.nc ']'
+ for IFILE in '${GBBFILE}' '${CEDSFILE}' '${MEGANFILE}'
+ '[' '!' -f /scratch1/BMC/gsd-fv3-dev/MAPP_2018/bhuang/JEDI-2020/JEDI-FV3/NRTdata_UFS-Aerosols/gocart_emissions//nexus/CEDS/v2019//2020/CEDS.2019.emis.20200527.nc ']'
+ for IFILE in '${GBBFILE}' '${CEDSFILE}' '${MEGANFILE}'
+ '[' '!' -f /scratch1/BMC/gsd-fv3-dev/MAPP_2018/bhuang/JEDI-2020/JEDI-FV3/NRTdata_UFS-Aerosols/gocart_emissions//nexus/MEGAN_OFFLINE_BVOC/v2019-10//2020/MEGAN.OFFLINE.BIOVOC.2020.emis.20200527.nc ']'
+ exit 0
/bin/bash -c /home/Bo.Huang/JEDI-2020/UFS-Aerosols_RETcyc/UFS-Aerosols-EP4_JEDI-AeroDA-Reanl//jobs/rocoto/checkdep_aerofcst_emis.sh (2020-05-26 06:00:00 UTC)
+ EMISDIR_NRT=/scratch1/BMC/gsd-fv3-dev/MAPP_2018/bhuang/JEDI-2020/JEDI-FV3/NRTdata_UFS-Aerosols/gocart_emissions/
+ GBBDIR_NRT=/scratch1/BMC/gsd-fv3-dev/MAPP_2018/bhuang/JEDI-2020/JEDI-FV3/NRTdata_UFS-Aerosols/gocart_emissions//nexus/GBBEPx_v004/
+ CEDSDIR_NRT=/scratch1/BMC/gsd-fv3-dev/MAPP_2018/bhuang/JEDI-2020/JEDI-FV3/NRTdata_UFS-Aerosols/gocart_emissions//nexus/CEDS/v2019/
+ MEGANDIR_NRT=/scratch1/BMC/gsd-fv3-dev/MAPP_2018/bhuang/JEDI-2020/JEDI-FV3/NRTdata_UFS-Aerosols/gocart_emissions//nexus/MEGAN_OFFLINE_BVOC/v2019-10/
+ DUSTDIR_NRT=/scratch1/BMC/gsd-fv3-dev/MAPP_2018/bhuang/JEDI-2020/JEDI-FV3/NRTdata_UFS-Aerosols/gocart_emissions//nexus/FENGSHA-HBO/
+ CEDSVER=2019
+ GBBVER=gbbepx_v004
+ CDATE=2020052606
+ DAYINTHR=24
+ NDATE=/scratch2/NCEPDEV/nwprod/NCEPLIBS/utils/prod_util.v1.1.0/exec/ndate
++ echo 2020052606
++ cut -c9-10
+ CH=06
++ /scratch2/NCEPDEV/nwprod/NCEPLIBS/utils/prod_util.v1.1.0/exec/ndate -24 2020052606
+ MDATE=2020052506
++ /scratch2/NCEPDEV/nwprod/NCEPLIBS/utils/prod_util.v1.1.0/exec/ndate +24 2020052606
+ PDATE=2020052706
+ for IDATE in '${MDATE}' '${CDATE}' '${PDATE}'
++ echo 2020052506
++ cut -c1-4
+ IYY=2020
++ echo 2020052506
++ cut -c5-6
+ IMM=05
++ echo 2020052506
++ cut -c7-8
+ IDD=25
++ echo 2020052506
++ cut -c9-10
+ IHH=06
++ echo 2020052506
++ cut -c1-8
+ IYMD=20200525
+ '[' gbbepx_v004 = gbbepx_v003 ']'
+ '[' gbbepx_v004 = gbbepx_v004 ']'
+ GBBFILE=/scratch1/BMC/gsd-fv3-dev/MAPP_2018/bhuang/JEDI-2020/JEDI-FV3/NRTdata_UFS-Aerosols/gocart_emissions//nexus/GBBEPx_v004//GBBEPx_all01GRID.emissions_v004_20200525.nc
+ CEDSFILE=/scratch1/BMC/gsd-fv3-dev/MAPP_2018/bhuang/JEDI-2020/JEDI-FV3/NRTdata_UFS-Aerosols/gocart_emissions//nexus/CEDS/v2019//2020/CEDS.2019.emis.20200525.nc
+ MEGANFILE=/scratch1/BMC/gsd-fv3-dev/MAPP_2018/bhuang/JEDI-2020/JEDI-FV3/NRTdata_UFS-Aerosols/gocart_emissions//nexus/MEGAN_OFFLINE_BVOC/v2019-10//2020/MEGAN.OFFLINE.BIOVOC.2020.emis.20200525.nc
+ DUSTFILE=/scratch1/BMC/gsd-fv3-dev/MAPP_2018/bhuang/JEDI-2020/JEDI-FV3/NRTdata_UFS-Aerosols/gocart_emissions//nexus/FENGSHA-HBO//FENGSHA_2022_NESDIS_inputs_10km_v3.2.nc
+ for IFILE in '${GBBFILE}' '${CEDSFILE}' '${MEGANFILE}'
+ '[' '!' -f /scratch1/BMC/gsd-fv3-dev/MAPP_2018/bhuang/JEDI-2020/JEDI-FV3/NRTdata_UFS-Aerosols/gocart_emissions//nexus/GBBEPx_v004//GBBEPx_all01GRID.emissions_v004_20200525.nc ']'
+ for IFILE in '${GBBFILE}' '${CEDSFILE}' '${MEGANFILE}'
+ '[' '!' -f /scratch1/BMC/gsd-fv3-dev/MAPP_2018/bhuang/JEDI-2020/JEDI-FV3/NRTdata_UFS-Aerosols/gocart_emissions//nexus/CEDS/v2019//2020/CEDS.2019.emis.20200525.nc ']'
+ for IFILE in '${GBBFILE}' '${CEDSFILE}' '${MEGANFILE}'
+ '[' '!' -f /scratch1/BMC/gsd-fv3-dev/MAPP_2018/bhuang/JEDI-2020/JEDI-FV3/NRTdata_UFS-Aerosols/gocart_emissions//nexus/MEGAN_OFFLINE_BVOC/v2019-10//2020/MEGAN.OFFLINE.BIOVOC.2020.emis.20200525.nc ']'
+ for IDATE in '${MDATE}' '${CDATE}' '${PDATE}'
++ echo 2020052606
++ cut -c1-4
+ IYY=2020
++ cut -c5-6
++ echo 2020052606
+ IMM=05
++ echo 2020052606
++ cut -c7-8
+ IDD=26
++ echo 2020052606
++ cut -c9-10
+ IHH=06
++ echo 2020052606
++ cut -c1-8
+ IYMD=20200526
+ '[' gbbepx_v004 = gbbepx_v003 ']'
+ '[' gbbepx_v004 = gbbepx_v004 ']'
+ GBBFILE=/scratch1/BMC/gsd-fv3-dev/MAPP_2018/bhuang/JEDI-2020/JEDI-FV3/NRTdata_UFS-Aerosols/gocart_emissions//nexus/GBBEPx_v004//GBBEPx_all01GRID.emissions_v004_20200526.nc
+ CEDSFILE=/scratch1/BMC/gsd-fv3-dev/MAPP_2018/bhuang/JEDI-2020/JEDI-FV3/NRTdata_UFS-Aerosols/gocart_emissions//nexus/CEDS/v2019//2020/CEDS.2019.emis.20200526.nc
+ MEGANFILE=/scratch1/BMC/gsd-fv3-dev/MAPP_2018/bhuang/JEDI-2020/JEDI-FV3/NRTdata_UFS-Aerosols/gocart_emissions//nexus/MEGAN_OFFLINE_BVOC/v2019-10//2020/MEGAN.OFFLINE.BIOVOC.2020.emis.20200526.nc
+ DUSTFILE=/scratch1/BMC/gsd-fv3-dev/MAPP_2018/bhuang/JEDI-2020/JEDI-FV3/NRTdata_UFS-Aerosols/gocart_emissions//nexus/FENGSHA-HBO//FENGSHA_2022_NESDIS_inputs_10km_v3.2.nc
+ for IFILE in '${GBBFILE}' '${CEDSFILE}' '${MEGANFILE}'
+ '[' '!' -f /scratch1/BMC/gsd-fv3-dev/MAPP_2018/bhuang/JEDI-2020/JEDI-FV3/NRTdata_UFS-Aerosols/gocart_emissions//nexus/GBBEPx_v004//GBBEPx_all01GRID.emissions_v004_20200526.nc ']'
+ for IFILE in '${GBBFILE}' '${CEDSFILE}' '${MEGANFILE}'
+ '[' '!' -f /scratch1/BMC/gsd-fv3-dev/MAPP_2018/bhuang/JEDI-2020/JEDI-FV3/NRTdata_UFS-Aerosols/gocart_emissions//nexus/CEDS/v2019//2020/CEDS.2019.emis.20200526.nc ']'
+ for IFILE in '${GBBFILE}' '${CEDSFILE}' '${MEGANFILE}'
+ '[' '!' -f /scratch1/BMC/gsd-fv3-dev/MAPP_2018/bhuang/JEDI-2020/JEDI-FV3/NRTdata_UFS-Aerosols/gocart_emissions//nexus/MEGAN_OFFLINE_BVOC/v2019-10//2020/MEGAN.OFFLINE.BIOVOC.2020.emis.20200526.nc ']'
+ for IDATE in '${MDATE}' '${CDATE}' '${PDATE}'
++ cut -c1-4
++ echo 2020052706
+ IYY=2020
++ echo 2020052706
++ cut -c5-6
+ IMM=05
++ echo 2020052706
++ cut -c7-8
+ IDD=27
++ echo 2020052706
++ cut -c9-10
+ IHH=06
++ cut -c1-8
++ echo 2020052706
+ IYMD=20200527
+ '[' gbbepx_v004 = gbbepx_v003 ']'
+ '[' gbbepx_v004 = gbbepx_v004 ']'
+ GBBFILE=/scratch1/BMC/gsd-fv3-dev/MAPP_2018/bhuang/JEDI-2020/JEDI-FV3/NRTdata_UFS-Aerosols/gocart_emissions//nexus/GBBEPx_v004//GBBEPx_all01GRID.emissions_v004_20200527.nc
+ CEDSFILE=/scratch1/BMC/gsd-fv3-dev/MAPP_2018/bhuang/JEDI-2020/JEDI-FV3/NRTdata_UFS-Aerosols/gocart_emissions//nexus/CEDS/v2019//2020/CEDS.2019.emis.20200527.nc
+ MEGANFILE=/scratch1/BMC/gsd-fv3-dev/MAPP_2018/bhuang/JEDI-2020/JEDI-FV3/NRTdata_UFS-Aerosols/gocart_emissions//nexus/MEGAN_OFFLINE_BVOC/v2019-10//2020/MEGAN.OFFLINE.BIOVOC.2020.emis.20200527.nc
+ DUSTFILE=/scratch1/BMC/gsd-fv3-dev/MAPP_2018/bhuang/JEDI-2020/JEDI-FV3/NRTdata_UFS-Aerosols/gocart_emissions//nexus/FENGSHA-HBO//FENGSHA_2022_NESDIS_inputs_10km_v3.2.nc
+ for IFILE in '${GBBFILE}' '${CEDSFILE}' '${MEGANFILE}'
+ '[' '!' -f /scratch1/BMC/gsd-fv3-dev/MAPP_2018/bhuang/JEDI-2020/JEDI-FV3/NRTdata_UFS-Aerosols/gocart_emissions//nexus/GBBEPx_v004//GBBEPx_all01GRID.emissions_v004_20200527.nc ']'
+ for IFILE in '${GBBFILE}' '${CEDSFILE}' '${MEGANFILE}'
+ '[' '!' -f /scratch1/BMC/gsd-fv3-dev/MAPP_2018/bhuang/JEDI-2020/JEDI-FV3/NRTdata_UFS-Aerosols/gocart_emissions//nexus/CEDS/v2019//2020/CEDS.2019.emis.20200527.nc ']'
+ for IFILE in '${GBBFILE}' '${CEDSFILE}' '${MEGANFILE}'
+ '[' '!' -f /scratch1/BMC/gsd-fv3-dev/MAPP_2018/bhuang/JEDI-2020/JEDI-FV3/NRTdata_UFS-Aerosols/gocart_emissions//nexus/MEGAN_OFFLINE_BVOC/v2019-10//2020/MEGAN.OFFLINE.BIOVOC.2020.emis.20200527.nc ']'
+ exit 0
/bin/bash -c /home/Bo.Huang/JEDI-2020/UFS-Aerosols_RETcyc/UFS-Aerosols-EP4_JEDI-AeroDA-Reanl//jobs/rocoto/checkdep_aerofcst_emis.sh (2020-05-26 06:00:00 UTC)
+ EMISDIR_NRT=/scratch1/BMC/gsd-fv3-dev/MAPP_2018/bhuang/JEDI-2020/JEDI-FV3/NRTdata_UFS-Aerosols/gocart_emissions/
+ GBBDIR_NRT=/scratch1/BMC/gsd-fv3-dev/MAPP_2018/bhuang/JEDI-2020/JEDI-FV3/NRTdata_UFS-Aerosols/gocart_emissions//nexus/GBBEPx_v004/
+ CEDSDIR_NRT=/scratch1/BMC/gsd-fv3-dev/MAPP_2018/bhuang/JEDI-2020/JEDI-FV3/NRTdata_UFS-Aerosols/gocart_emissions//nexus/CEDS/v2019/
+ MEGANDIR_NRT=/scratch1/BMC/gsd-fv3-dev/MAPP_2018/bhuang/JEDI-2020/JEDI-FV3/NRTdata_UFS-Aerosols/gocart_emissions//nexus/MEGAN_OFFLINE_BVOC/v2019-10/
+ DUSTDIR_NRT=/scratch1/BMC/gsd-fv3-dev/MAPP_2018/bhuang/JEDI-2020/JEDI-FV3/NRTdata_UFS-Aerosols/gocart_emissions//nexus/FENGSHA-HBO/
+ CEDSVER=2019
+ GBBVER=gbbepx_v004
+ CDATE=2020052606
+ DAYINTHR=24
+ NDATE=/scratch2/NCEPDEV/nwprod/NCEPLIBS/utils/prod_util.v1.1.0/exec/ndate
++ echo 2020052606
++ cut -c9-10
+ CH=06
++ /scratch2/NCEPDEV/nwprod/NCEPLIBS/utils/prod_util.v1.1.0/exec/ndate -24 2020052606
+ MDATE=2020052506
++ /scratch2/NCEPDEV/nwprod/NCEPLIBS/utils/prod_util.v1.1.0/exec/ndate +24 2020052606
+ PDATE=2020052706
+ for IDATE in '${MDATE}' '${CDATE}' '${PDATE}'
++ echo 2020052506
++ cut -c1-4
+ IYY=2020
++ echo 2020052506
++ cut -c5-6
+ IMM=05
++ cut -c7-8
++ echo 2020052506
+ IDD=25
++ echo 2020052506
++ cut -c9-10
+ IHH=06
++ echo 2020052506
++ cut -c1-8
+ IYMD=20200525
+ '[' gbbepx_v004 = gbbepx_v003 ']'
+ '[' gbbepx_v004 = gbbepx_v004 ']'
+ GBBFILE=/scratch1/BMC/gsd-fv3-dev/MAPP_2018/bhuang/JEDI-2020/JEDI-FV3/NRTdata_UFS-Aerosols/gocart_emissions//nexus/GBBEPx_v004//GBBEPx_all01GRID.emissions_v004_20200525.nc
+ CEDSFILE=/scratch1/BMC/gsd-fv3-dev/MAPP_2018/bhuang/JEDI-2020/JEDI-FV3/NRTdata_UFS-Aerosols/gocart_emissions//nexus/CEDS/v2019//2020/CEDS.2019.emis.20200525.nc
+ MEGANFILE=/scratch1/BMC/gsd-fv3-dev/MAPP_2018/bhuang/JEDI-2020/JEDI-FV3/NRTdata_UFS-Aerosols/gocart_emissions//nexus/MEGAN_OFFLINE_BVOC/v2019-10//2020/MEGAN.OFFLINE.BIOVOC.2020.emis.20200525.nc
+ DUSTFILE=/scratch1/BMC/gsd-fv3-dev/MAPP_2018/bhuang/JEDI-2020/JEDI-FV3/NRTdata_UFS-Aerosols/gocart_emissions//nexus/FENGSHA-HBO//FENGSHA_2022_NESDIS_inputs_10km_v3.2.nc
+ for IFILE in '${GBBFILE}' '${CEDSFILE}' '${MEGANFILE}'
+ '[' '!' -f /scratch1/BMC/gsd-fv3-dev/MAPP_2018/bhuang/JEDI-2020/JEDI-FV3/NRTdata_UFS-Aerosols/gocart_emissions//nexus/GBBEPx_v004//GBBEPx_all01GRID.emissions_v004_20200525.nc ']'
+ for IFILE in '${GBBFILE}' '${CEDSFILE}' '${MEGANFILE}'
+ '[' '!' -f /scratch1/BMC/gsd-fv3-dev/MAPP_2018/bhuang/JEDI-2020/JEDI-FV3/NRTdata_UFS-Aerosols/gocart_emissions//nexus/CEDS/v2019//2020/CEDS.2019.emis.20200525.nc ']'
+ for IFILE in '${GBBFILE}' '${CEDSFILE}' '${MEGANFILE}'
+ '[' '!' -f /scratch1/BMC/gsd-fv3-dev/MAPP_2018/bhuang/JEDI-2020/JEDI-FV3/NRTdata_UFS-Aerosols/gocart_emissions//nexus/MEGAN_OFFLINE_BVOC/v2019-10//2020/MEGAN.OFFLINE.BIOVOC.2020.emis.20200525.nc ']'
+ for IDATE in '${MDATE}' '${CDATE}' '${PDATE}'
++ echo 2020052606
++ cut -c1-4
+ IYY=2020
++ echo 2020052606
++ cut -c5-6
+ IMM=05
++ echo 2020052606
++ cut -c7-8
+ IDD=26
++ echo 2020052606
++ cut -c9-10
+ IHH=06
++ cut -c1-8
++ echo 2020052606
+ IYMD=20200526
+ '[' gbbepx_v004 = gbbepx_v003 ']'
+ '[' gbbepx_v004 = gbbepx_v004 ']'
+ GBBFILE=/scratch1/BMC/gsd-fv3-dev/MAPP_2018/bhuang/JEDI-2020/JEDI-FV3/NRTdata_UFS-Aerosols/gocart_emissions//nexus/GBBEPx_v004//GBBEPx_all01GRID.emissions_v004_20200526.nc
+ CEDSFILE=/scratch1/BMC/gsd-fv3-dev/MAPP_2018/bhuang/JEDI-2020/JEDI-FV3/NRTdata_UFS-Aerosols/gocart_emissions//nexus/CEDS/v2019//2020/CEDS.2019.emis.20200526.nc
+ MEGANFILE=/scratch1/BMC/gsd-fv3-dev/MAPP_2018/bhuang/JEDI-2020/JEDI-FV3/NRTdata_UFS-Aerosols/gocart_emissions//nexus/MEGAN_OFFLINE_BVOC/v2019-10//2020/MEGAN.OFFLINE.BIOVOC.2020.emis.20200526.nc
+ DUSTFILE=/scratch1/BMC/gsd-fv3-dev/MAPP_2018/bhuang/JEDI-2020/JEDI-FV3/NRTdata_UFS-Aerosols/gocart_emissions//nexus/FENGSHA-HBO//FENGSHA_2022_NESDIS_inputs_10km_v3.2.nc
+ for IFILE in '${GBBFILE}' '${CEDSFILE}' '${MEGANFILE}'
+ '[' '!' -f /scratch1/BMC/gsd-fv3-dev/MAPP_2018/bhuang/JEDI-2020/JEDI-FV3/NRTdata_UFS-Aerosols/gocart_emissions//nexus/GBBEPx_v004//GBBEPx_all01GRID.emissions_v004_20200526.nc ']'
+ for IFILE in '${GBBFILE}' '${CEDSFILE}' '${MEGANFILE}'
+ '[' '!' -f /scratch1/BMC/gsd-fv3-dev/MAPP_2018/bhuang/JEDI-2020/JEDI-FV3/NRTdata_UFS-Aerosols/gocart_emissions//nexus/CEDS/v2019//2020/CEDS.2019.emis.20200526.nc ']'
+ for IFILE in '${GBBFILE}' '${CEDSFILE}' '${MEGANFILE}'
+ '[' '!' -f /scratch1/BMC/gsd-fv3-dev/MAPP_2018/bhuang/JEDI-2020/JEDI-FV3/NRTdata_UFS-Aerosols/gocart_emissions//nexus/MEGAN_OFFLINE_BVOC/v2019-10//2020/MEGAN.OFFLINE.BIOVOC.2020.emis.20200526.nc ']'
+ for IDATE in '${MDATE}' '${CDATE}' '${PDATE}'
++ echo 2020052706
++ cut -c1-4
+ IYY=2020
++ echo 2020052706
++ cut -c5-6
+ IMM=05
++ echo 2020052706
++ cut -c7-8
+ IDD=27
++ echo 2020052706
++ cut -c9-10
+ IHH=06
++ echo 2020052706
++ cut -c1-8
+ IYMD=20200527
+ '[' gbbepx_v004 = gbbepx_v003 ']'
+ '[' gbbepx_v004 = gbbepx_v004 ']'
+ GBBFILE=/scratch1/BMC/gsd-fv3-dev/MAPP_2018/bhuang/JEDI-2020/JEDI-FV3/NRTdata_UFS-Aerosols/gocart_emissions//nexus/GBBEPx_v004//GBBEPx_all01GRID.emissions_v004_20200527.nc
+ CEDSFILE=/scratch1/BMC/gsd-fv3-dev/MAPP_2018/bhuang/JEDI-2020/JEDI-FV3/NRTdata_UFS-Aerosols/gocart_emissions//nexus/CEDS/v2019//2020/CEDS.2019.emis.20200527.nc
+ MEGANFILE=/scratch1/BMC/gsd-fv3-dev/MAPP_2018/bhuang/JEDI-2020/JEDI-FV3/NRTdata_UFS-Aerosols/gocart_emissions//nexus/MEGAN_OFFLINE_BVOC/v2019-10//2020/MEGAN.OFFLINE.BIOVOC.2020.emis.20200527.nc
+ DUSTFILE=/scratch1/BMC/gsd-fv3-dev/MAPP_2018/bhuang/JEDI-2020/JEDI-FV3/NRTdata_UFS-Aerosols/gocart_emissions//nexus/FENGSHA-HBO//FENGSHA_2022_NESDIS_inputs_10km_v3.2.nc
+ for IFILE in '${GBBFILE}' '${CEDSFILE}' '${MEGANFILE}'
+ '[' '!' -f /scratch1/BMC/gsd-fv3-dev/MAPP_2018/bhuang/JEDI-2020/JEDI-FV3/NRTdata_UFS-Aerosols/gocart_emissions//nexus/GBBEPx_v004//GBBEPx_all01GRID.emissions_v004_20200527.nc ']'
+ for IFILE in '${GBBFILE}' '${CEDSFILE}' '${MEGANFILE}'
+ '[' '!' -f /scratch1/BMC/gsd-fv3-dev/MAPP_2018/bhuang/JEDI-2020/JEDI-FV3/NRTdata_UFS-Aerosols/gocart_emissions//nexus/CEDS/v2019//2020/CEDS.2019.emis.20200527.nc ']'
+ for IFILE in '${GBBFILE}' '${CEDSFILE}' '${MEGANFILE}'
+ '[' '!' -f /scratch1/BMC/gsd-fv3-dev/MAPP_2018/bhuang/JEDI-2020/JEDI-FV3/NRTdata_UFS-Aerosols/gocart_emissions//nexus/MEGAN_OFFLINE_BVOC/v2019-10//2020/MEGAN.OFFLINE.BIOVOC.2020.emis.20200527.nc ']'
+ exit 0
/bin/bash -c /home/Bo.Huang/JEDI-2020/UFS-Aerosols_RETcyc/UFS-Aerosols-EP4_JEDI-AeroDA-Reanl//jobs/rocoto/checkdep_aerofcst_emis.sh (2020-05-26 06:00:00 UTC)
+ EMISDIR_NRT=/scratch1/BMC/gsd-fv3-dev/MAPP_2018/bhuang/JEDI-2020/JEDI-FV3/NRTdata_UFS-Aerosols/gocart_emissions/
+ GBBDIR_NRT=/scratch1/BMC/gsd-fv3-dev/MAPP_2018/bhuang/JEDI-2020/JEDI-FV3/NRTdata_UFS-Aerosols/gocart_emissions//nexus/GBBEPx_v004/
+ CEDSDIR_NRT=/scratch1/BMC/gsd-fv3-dev/MAPP_2018/bhuang/JEDI-2020/JEDI-FV3/NRTdata_UFS-Aerosols/gocart_emissions//nexus/CEDS/v2019/
+ MEGANDIR_NRT=/scratch1/BMC/gsd-fv3-dev/MAPP_2018/bhuang/JEDI-2020/JEDI-FV3/NRTdata_UFS-Aerosols/gocart_emissions//nexus/MEGAN_OFFLINE_BVOC/v2019-10/
+ DUSTDIR_NRT=/scratch1/BMC/gsd-fv3-dev/MAPP_2018/bhuang/JEDI-2020/JEDI-FV3/NRTdata_UFS-Aerosols/gocart_emissions//nexus/FENGSHA-HBO/
+ CEDSVER=2019
+ GBBVER=gbbepx_v004
+ CDATE=2020052606
+ DAYINTHR=24
+ NDATE=/scratch2/NCEPDEV/nwprod/NCEPLIBS/utils/prod_util.v1.1.0/exec/ndate
++ echo 2020052606
++ cut -c9-10
+ CH=06
++ /scratch2/NCEPDEV/nwprod/NCEPLIBS/utils/prod_util.v1.1.0/exec/ndate -24 2020052606
+ MDATE=2020052506
++ /scratch2/NCEPDEV/nwprod/NCEPLIBS/utils/prod_util.v1.1.0/exec/ndate +24 2020052606
+ PDATE=2020052706
+ for IDATE in '${MDATE}' '${CDATE}' '${PDATE}'
++ echo 2020052506
++ cut -c1-4
+ IYY=2020
++ echo 2020052506
++ cut -c5-6
+ IMM=05
++ echo 2020052506
++ cut -c7-8
+ IDD=25
++ echo 2020052506
++ cut -c9-10
+ IHH=06
++ echo 2020052506
++ cut -c1-8
+ IYMD=20200525
+ '[' gbbepx_v004 = gbbepx_v003 ']'
+ '[' gbbepx_v004 = gbbepx_v004 ']'
+ GBBFILE=/scratch1/BMC/gsd-fv3-dev/MAPP_2018/bhuang/JEDI-2020/JEDI-FV3/NRTdata_UFS-Aerosols/gocart_emissions//nexus/GBBEPx_v004//GBBEPx_all01GRID.emissions_v004_20200525.nc
+ CEDSFILE=/scratch1/BMC/gsd-fv3-dev/MAPP_2018/bhuang/JEDI-2020/JEDI-FV3/NRTdata_UFS-Aerosols/gocart_emissions//nexus/CEDS/v2019//2020/CEDS.2019.emis.20200525.nc
+ MEGANFILE=/scratch1/BMC/gsd-fv3-dev/MAPP_2018/bhuang/JEDI-2020/JEDI-FV3/NRTdata_UFS-Aerosols/gocart_emissions//nexus/MEGAN_OFFLINE_BVOC/v2019-10//2020/MEGAN.OFFLINE.BIOVOC.2020.emis.20200525.nc
+ DUSTFILE=/scratch1/BMC/gsd-fv3-dev/MAPP_2018/bhuang/JEDI-2020/JEDI-FV3/NRTdata_UFS-Aerosols/gocart_emissions//nexus/FENGSHA-HBO//FENGSHA_2022_NESDIS_inputs_10km_v3.2.nc
+ for IFILE in '${GBBFILE}' '${CEDSFILE}' '${MEGANFILE}'
+ '[' '!' -f /scratch1/BMC/gsd-fv3-dev/MAPP_2018/bhuang/JEDI-2020/JEDI-FV3/NRTdata_UFS-Aerosols/gocart_emissions//nexus/GBBEPx_v004//GBBEPx_all01GRID.emissions_v004_20200525.nc ']'
+ for IFILE in '${GBBFILE}' '${CEDSFILE}' '${MEGANFILE}'
+ '[' '!' -f /scratch1/BMC/gsd-fv3-dev/MAPP_2018/bhuang/JEDI-2020/JEDI-FV3/NRTdata_UFS-Aerosols/gocart_emissions//nexus/CEDS/v2019//2020/CEDS.2019.emis.20200525.nc ']'
+ for IFILE in '${GBBFILE}' '${CEDSFILE}' '${MEGANFILE}'
+ '[' '!' -f /scratch1/BMC/gsd-fv3-dev/MAPP_2018/bhuang/JEDI-2020/JEDI-FV3/NRTdata_UFS-Aerosols/gocart_emissions//nexus/MEGAN_OFFLINE_BVOC/v2019-10//2020/MEGAN.OFFLINE.BIOVOC.2020.emis.20200525.nc ']'
+ for IDATE in '${MDATE}' '${CDATE}' '${PDATE}'
++ echo 2020052606
++ cut -c1-4
+ IYY=2020
++ echo 2020052606
++ cut -c5-6
+ IMM=05
++ echo 2020052606
++ cut -c7-8
+ IDD=26
++ echo 2020052606
++ cut -c9-10
+ IHH=06
++ echo 2020052606
++ cut -c1-8
+ IYMD=20200526
+ '[' gbbepx_v004 = gbbepx_v003 ']'
+ '[' gbbepx_v004 = gbbepx_v004 ']'
+ GBBFILE=/scratch1/BMC/gsd-fv3-dev/MAPP_2018/bhuang/JEDI-2020/JEDI-FV3/NRTdata_UFS-Aerosols/gocart_emissions//nexus/GBBEPx_v004//GBBEPx_all01GRID.emissions_v004_20200526.nc
+ CEDSFILE=/scratch1/BMC/gsd-fv3-dev/MAPP_2018/bhuang/JEDI-2020/JEDI-FV3/NRTdata_UFS-Aerosols/gocart_emissions//nexus/CEDS/v2019//2020/CEDS.2019.emis.20200526.nc
+ MEGANFILE=/scratch1/BMC/gsd-fv3-dev/MAPP_2018/bhuang/JEDI-2020/JEDI-FV3/NRTdata_UFS-Aerosols/gocart_emissions//nexus/MEGAN_OFFLINE_BVOC/v2019-10//2020/MEGAN.OFFLINE.BIOVOC.2020.emis.20200526.nc
+ DUSTFILE=/scratch1/BMC/gsd-fv3-dev/MAPP_2018/bhuang/JEDI-2020/JEDI-FV3/NRTdata_UFS-Aerosols/gocart_emissions//nexus/FENGSHA-HBO//FENGSHA_2022_NESDIS_inputs_10km_v3.2.nc
+ for IFILE in '${GBBFILE}' '${CEDSFILE}' '${MEGANFILE}'
+ '[' '!' -f /scratch1/BMC/gsd-fv3-dev/MAPP_2018/bhuang/JEDI-2020/JEDI-FV3/NRTdata_UFS-Aerosols/gocart_emissions//nexus/GBBEPx_v004//GBBEPx_all01GRID.emissions_v004_20200526.nc ']'
+ for IFILE in '${GBBFILE}' '${CEDSFILE}' '${MEGANFILE}'
+ '[' '!' -f /scratch1/BMC/gsd-fv3-dev/MAPP_2018/bhuang/JEDI-2020/JEDI-FV3/NRTdata_UFS-Aerosols/gocart_emissions//nexus/CEDS/v2019//2020/CEDS.2019.emis.20200526.nc ']'
+ for IFILE in '${GBBFILE}' '${CEDSFILE}' '${MEGANFILE}'
+ '[' '!' -f /scratch1/BMC/gsd-fv3-dev/MAPP_2018/bhuang/JEDI-2020/JEDI-FV3/NRTdata_UFS-Aerosols/gocart_emissions//nexus/MEGAN_OFFLINE_BVOC/v2019-10//2020/MEGAN.OFFLINE.BIOVOC.2020.emis.20200526.nc ']'
+ for IDATE in '${MDATE}' '${CDATE}' '${PDATE}'
++ echo 2020052706
++ cut -c1-4
+ IYY=2020
++ echo 2020052706
++ cut -c5-6
+ IMM=05
++ echo 2020052706
++ cut -c7-8
+ IDD=27
++ echo 2020052706
++ cut -c9-10
+ IHH=06
++ echo 2020052706
++ cut -c1-8
+ IYMD=20200527
+ '[' gbbepx_v004 = gbbepx_v003 ']'
+ '[' gbbepx_v004 = gbbepx_v004 ']'
+ GBBFILE=/scratch1/BMC/gsd-fv3-dev/MAPP_2018/bhuang/JEDI-2020/JEDI-FV3/NRTdata_UFS-Aerosols/gocart_emissions//nexus/GBBEPx_v004//GBBEPx_all01GRID.emissions_v004_20200527.nc
+ CEDSFILE=/scratch1/BMC/gsd-fv3-dev/MAPP_2018/bhuang/JEDI-2020/JEDI-FV3/NRTdata_UFS-Aerosols/gocart_emissions//nexus/CEDS/v2019//2020/CEDS.2019.emis.20200527.nc
+ MEGANFILE=/scratch1/BMC/gsd-fv3-dev/MAPP_2018/bhuang/JEDI-2020/JEDI-FV3/NRTdata_UFS-Aerosols/gocart_emissions//nexus/MEGAN_OFFLINE_BVOC/v2019-10//2020/MEGAN.OFFLINE.BIOVOC.2020.emis.20200527.nc
+ DUSTFILE=/scratch1/BMC/gsd-fv3-dev/MAPP_2018/bhuang/JEDI-2020/JEDI-FV3/NRTdata_UFS-Aerosols/gocart_emissions//nexus/FENGSHA-HBO//FENGSHA_2022_NESDIS_inputs_10km_v3.2.nc
+ for IFILE in '${GBBFILE}' '${CEDSFILE}' '${MEGANFILE}'
+ '[' '!' -f /scratch1/BMC/gsd-fv3-dev/MAPP_2018/bhuang/JEDI-2020/JEDI-FV3/NRTdata_UFS-Aerosols/gocart_emissions//nexus/GBBEPx_v004//GBBEPx_all01GRID.emissions_v004_20200527.nc ']'
+ for IFILE in '${GBBFILE}' '${CEDSFILE}' '${MEGANFILE}'
+ '[' '!' -f /scratch1/BMC/gsd-fv3-dev/MAPP_2018/bhuang/JEDI-2020/JEDI-FV3/NRTdata_UFS-Aerosols/gocart_emissions//nexus/CEDS/v2019//2020/CEDS.2019.emis.20200527.nc ']'
+ for IFILE in '${GBBFILE}' '${CEDSFILE}' '${MEGANFILE}'
+ '[' '!' -f /scratch1/BMC/gsd-fv3-dev/MAPP_2018/bhuang/JEDI-2020/JEDI-FV3/NRTdata_UFS-Aerosols/gocart_emissions//nexus/MEGAN_OFFLINE_BVOC/v2019-10//2020/MEGAN.OFFLINE.BIOVOC.2020.emis.20200527.nc ']'
+ exit 0
/bin/bash -c /home/Bo.Huang/JEDI-2020/UFS-Aerosols_RETcyc/UFS-Aerosols-EP4_JEDI-AeroDA-Reanl//jobs/rocoto/checkdep_aerofcst_emis.sh (2020-05-26 06:00:00 UTC)
+ EMISDIR_NRT=/scratch1/BMC/gsd-fv3-dev/MAPP_2018/bhuang/JEDI-2020/JEDI-FV3/NRTdata_UFS-Aerosols/gocart_emissions/
+ GBBDIR_NRT=/scratch1/BMC/gsd-fv3-dev/MAPP_2018/bhuang/JEDI-2020/JEDI-FV3/NRTdata_UFS-Aerosols/gocart_emissions//nexus/GBBEPx_v004/
+ CEDSDIR_NRT=/scratch1/BMC/gsd-fv3-dev/MAPP_2018/bhuang/JEDI-2020/JEDI-FV3/NRTdata_UFS-Aerosols/gocart_emissions//nexus/CEDS/v2019/
+ MEGANDIR_NRT=/scratch1/BMC/gsd-fv3-dev/MAPP_2018/bhuang/JEDI-2020/JEDI-FV3/NRTdata_UFS-Aerosols/gocart_emissions//nexus/MEGAN_OFFLINE_BVOC/v2019-10/
+ DUSTDIR_NRT=/scratch1/BMC/gsd-fv3-dev/MAPP_2018/bhuang/JEDI-2020/JEDI-FV3/NRTdata_UFS-Aerosols/gocart_emissions//nexus/FENGSHA-HBO/
+ CEDSVER=2019
+ GBBVER=gbbepx_v004
+ CDATE=2020052606
+ DAYINTHR=24
+ NDATE=/scratch2/NCEPDEV/nwprod/NCEPLIBS/utils/prod_util.v1.1.0/exec/ndate
++ cut -c9-10
++ echo 2020052606
+ CH=06
++ /scratch2/NCEPDEV/nwprod/NCEPLIBS/utils/prod_util.v1.1.0/exec/ndate -24 2020052606
+ MDATE=2020052506
++ /scratch2/NCEPDEV/nwprod/NCEPLIBS/utils/prod_util.v1.1.0/exec/ndate +24 2020052606
+ PDATE=2020052706
+ for IDATE in '${MDATE}' '${CDATE}' '${PDATE}'
++ echo 2020052506
++ cut -c1-4
+ IYY=2020
++ echo 2020052506
++ cut -c5-6
+ IMM=05
++ echo 2020052506
++ cut -c7-8
+ IDD=25
++ echo 2020052506
++ cut -c9-10
+ IHH=06
++ echo 2020052506
++ cut -c1-8
+ IYMD=20200525
+ '[' gbbepx_v004 = gbbepx_v003 ']'
+ '[' gbbepx_v004 = gbbepx_v004 ']'
+ GBBFILE=/scratch1/BMC/gsd-fv3-dev/MAPP_2018/bhuang/JEDI-2020/JEDI-FV3/NRTdata_UFS-Aerosols/gocart_emissions//nexus/GBBEPx_v004//GBBEPx_all01GRID.emissions_v004_20200525.nc
+ CEDSFILE=/scratch1/BMC/gsd-fv3-dev/MAPP_2018/bhuang/JEDI-2020/JEDI-FV3/NRTdata_UFS-Aerosols/gocart_emissions//nexus/CEDS/v2019//2020/CEDS.2019.emis.20200525.nc
+ MEGANFILE=/scratch1/BMC/gsd-fv3-dev/MAPP_2018/bhuang/JEDI-2020/JEDI-FV3/NRTdata_UFS-Aerosols/gocart_emissions//nexus/MEGAN_OFFLINE_BVOC/v2019-10//2020/MEGAN.OFFLINE.BIOVOC.2020.emis.20200525.nc
+ DUSTFILE=/scratch1/BMC/gsd-fv3-dev/MAPP_2018/bhuang/JEDI-2020/JEDI-FV3/NRTdata_UFS-Aerosols/gocart_emissions//nexus/FENGSHA-HBO//FENGSHA_2022_NESDIS_inputs_10km_v3.2.nc
+ for IFILE in '${GBBFILE}' '${CEDSFILE}' '${MEGANFILE}'
+ '[' '!' -f /scratch1/BMC/gsd-fv3-dev/MAPP_2018/bhuang/JEDI-2020/JEDI-FV3/NRTdata_UFS-Aerosols/gocart_emissions//nexus/GBBEPx_v004//GBBEPx_all01GRID.emissions_v004_20200525.nc ']'
+ for IFILE in '${GBBFILE}' '${CEDSFILE}' '${MEGANFILE}'
+ '[' '!' -f /scratch1/BMC/gsd-fv3-dev/MAPP_2018/bhuang/JEDI-2020/JEDI-FV3/NRTdata_UFS-Aerosols/gocart_emissions//nexus/CEDS/v2019//2020/CEDS.2019.emis.20200525.nc ']'
+ for IFILE in '${GBBFILE}' '${CEDSFILE}' '${MEGANFILE}'
+ '[' '!' -f /scratch1/BMC/gsd-fv3-dev/MAPP_2018/bhuang/JEDI-2020/JEDI-FV3/NRTdata_UFS-Aerosols/gocart_emissions//nexus/MEGAN_OFFLINE_BVOC/v2019-10//2020/MEGAN.OFFLINE.BIOVOC.2020.emis.20200525.nc ']'
+ for IDATE in '${MDATE}' '${CDATE}' '${PDATE}'
++ echo 2020052606
++ cut -c1-4
+ IYY=2020
++ echo 2020052606
++ cut -c5-6
+ IMM=05
++ echo 2020052606
++ cut -c7-8
+ IDD=26
++ echo 2020052606
++ cut -c9-10
+ IHH=06
++ echo 2020052606
++ cut -c1-8
+ IYMD=20200526
+ '[' gbbepx_v004 = gbbepx_v003 ']'
+ '[' gbbepx_v004 = gbbepx_v004 ']'
+ GBBFILE=/scratch1/BMC/gsd-fv3-dev/MAPP_2018/bhuang/JEDI-2020/JEDI-FV3/NRTdata_UFS-Aerosols/gocart_emissions//nexus/GBBEPx_v004//GBBEPx_all01GRID.emissions_v004_20200526.nc
+ CEDSFILE=/scratch1/BMC/gsd-fv3-dev/MAPP_2018/bhuang/JEDI-2020/JEDI-FV3/NRTdata_UFS-Aerosols/gocart_emissions//nexus/CEDS/v2019//2020/CEDS.2019.emis.20200526.nc
+ MEGANFILE=/scratch1/BMC/gsd-fv3-dev/MAPP_2018/bhuang/JEDI-2020/JEDI-FV3/NRTdata_UFS-Aerosols/gocart_emissions//nexus/MEGAN_OFFLINE_BVOC/v2019-10//2020/MEGAN.OFFLINE.BIOVOC.2020.emis.20200526.nc
+ DUSTFILE=/scratch1/BMC/gsd-fv3-dev/MAPP_2018/bhuang/JEDI-2020/JEDI-FV3/NRTdata_UFS-Aerosols/gocart_emissions//nexus/FENGSHA-HBO//FENGSHA_2022_NESDIS_inputs_10km_v3.2.nc
+ for IFILE in '${GBBFILE}' '${CEDSFILE}' '${MEGANFILE}'
+ '[' '!' -f /scratch1/BMC/gsd-fv3-dev/MAPP_2018/bhuang/JEDI-2020/JEDI-FV3/NRTdata_UFS-Aerosols/gocart_emissions//nexus/GBBEPx_v004//GBBEPx_all01GRID.emissions_v004_20200526.nc ']'
+ for IFILE in '${GBBFILE}' '${CEDSFILE}' '${MEGANFILE}'
+ '[' '!' -f /scratch1/BMC/gsd-fv3-dev/MAPP_2018/bhuang/JEDI-2020/JEDI-FV3/NRTdata_UFS-Aerosols/gocart_emissions//nexus/CEDS/v2019//2020/CEDS.2019.emis.20200526.nc ']'
+ for IFILE in '${GBBFILE}' '${CEDSFILE}' '${MEGANFILE}'
+ '[' '!' -f /scratch1/BMC/gsd-fv3-dev/MAPP_2018/bhuang/JEDI-2020/JEDI-FV3/NRTdata_UFS-Aerosols/gocart_emissions//nexus/MEGAN_OFFLINE_BVOC/v2019-10//2020/MEGAN.OFFLINE.BIOVOC.2020.emis.20200526.nc ']'
+ for IDATE in '${MDATE}' '${CDATE}' '${PDATE}'
++ echo 2020052706
++ cut -c1-4
+ IYY=2020
++ echo 2020052706
++ cut -c5-6
+ IMM=05
++ echo 2020052706
++ cut -c7-8
+ IDD=27
++ echo 2020052706
++ cut -c9-10
+ IHH=06
++ echo 2020052706
++ cut -c1-8
+ IYMD=20200527
+ '[' gbbepx_v004 = gbbepx_v003 ']'
+ '[' gbbepx_v004 = gbbepx_v004 ']'
+ GBBFILE=/scratch1/BMC/gsd-fv3-dev/MAPP_2018/bhuang/JEDI-2020/JEDI-FV3/NRTdata_UFS-Aerosols/gocart_emissions//nexus/GBBEPx_v004//GBBEPx_all01GRID.emissions_v004_20200527.nc
+ CEDSFILE=/scratch1/BMC/gsd-fv3-dev/MAPP_2018/bhuang/JEDI-2020/JEDI-FV3/NRTdata_UFS-Aerosols/gocart_emissions//nexus/CEDS/v2019//2020/CEDS.2019.emis.20200527.nc
+ MEGANFILE=/scratch1/BMC/gsd-fv3-dev/MAPP_2018/bhuang/JEDI-2020/JEDI-FV3/NRTdata_UFS-Aerosols/gocart_emissions//nexus/MEGAN_OFFLINE_BVOC/v2019-10//2020/MEGAN.OFFLINE.BIOVOC.2020.emis.20200527.nc
+ DUSTFILE=/scratch1/BMC/gsd-fv3-dev/MAPP_2018/bhuang/JEDI-2020/JEDI-FV3/NRTdata_UFS-Aerosols/gocart_emissions//nexus/FENGSHA-HBO//FENGSHA_2022_NESDIS_inputs_10km_v3.2.nc
+ for IFILE in '${GBBFILE}' '${CEDSFILE}' '${MEGANFILE}'
+ '[' '!' -f /scratch1/BMC/gsd-fv3-dev/MAPP_2018/bhuang/JEDI-2020/JEDI-FV3/NRTdata_UFS-Aerosols/gocart_emissions//nexus/GBBEPx_v004//GBBEPx_all01GRID.emissions_v004_20200527.nc ']'
+ for IFILE in '${GBBFILE}' '${CEDSFILE}' '${MEGANFILE}'
+ '[' '!' -f /scratch1/BMC/gsd-fv3-dev/MAPP_2018/bhuang/JEDI-2020/JEDI-FV3/NRTdata_UFS-Aerosols/gocart_emissions//nexus/CEDS/v2019//2020/CEDS.2019.emis.20200527.nc ']'
+ for IFILE in '${GBBFILE}' '${CEDSFILE}' '${MEGANFILE}'
+ '[' '!' -f /scratch1/BMC/gsd-fv3-dev/MAPP_2018/bhuang/JEDI-2020/JEDI-FV3/NRTdata_UFS-Aerosols/gocart_emissions//nexus/MEGAN_OFFLINE_BVOC/v2019-10//2020/MEGAN.OFFLINE.BIOVOC.2020.emis.20200527.nc ']'
+ exit 0
/bin/bash -c /home/Bo.Huang/JEDI-2020/UFS-Aerosols_RETcyc/UFS-Aerosols-EP4_JEDI-AeroDA-Reanl//jobs/rocoto/checkdep_aerofcst_emis.sh (2020-05-26 06:00:00 UTC)
+ EMISDIR_NRT=/scratch1/BMC/gsd-fv3-dev/MAPP_2018/bhuang/JEDI-2020/JEDI-FV3/NRTdata_UFS-Aerosols/gocart_emissions/
+ GBBDIR_NRT=/scratch1/BMC/gsd-fv3-dev/MAPP_2018/bhuang/JEDI-2020/JEDI-FV3/NRTdata_UFS-Aerosols/gocart_emissions//nexus/GBBEPx_v004/
+ CEDSDIR_NRT=/scratch1/BMC/gsd-fv3-dev/MAPP_2018/bhuang/JEDI-2020/JEDI-FV3/NRTdata_UFS-Aerosols/gocart_emissions//nexus/CEDS/v2019/
+ MEGANDIR_NRT=/scratch1/BMC/gsd-fv3-dev/MAPP_2018/bhuang/JEDI-2020/JEDI-FV3/NRTdata_UFS-Aerosols/gocart_emissions//nexus/MEGAN_OFFLINE_BVOC/v2019-10/
+ DUSTDIR_NRT=/scratch1/BMC/gsd-fv3-dev/MAPP_2018/bhuang/JEDI-2020/JEDI-FV3/NRTdata_UFS-Aerosols/gocart_emissions//nexus/FENGSHA-HBO/
+ CEDSVER=2019
+ GBBVER=gbbepx_v004
+ CDATE=2020052606
+ DAYINTHR=24
+ NDATE=/scratch2/NCEPDEV/nwprod/NCEPLIBS/utils/prod_util.v1.1.0/exec/ndate
++ echo 2020052606
++ cut -c9-10
+ CH=06
++ /scratch2/NCEPDEV/nwprod/NCEPLIBS/utils/prod_util.v1.1.0/exec/ndate -24 2020052606
+ MDATE=2020052506
++ /scratch2/NCEPDEV/nwprod/NCEPLIBS/utils/prod_util.v1.1.0/exec/ndate +24 2020052606
+ PDATE=2020052706
+ for IDATE in '${MDATE}' '${CDATE}' '${PDATE}'
++ echo 2020052506
++ cut -c1-4
+ IYY=2020
++ echo 2020052506
++ cut -c5-6
+ IMM=05
++ echo 2020052506
++ cut -c7-8
+ IDD=25
++ cut -c9-10
++ echo 2020052506
+ IHH=06
++ echo 2020052506
++ cut -c1-8
+ IYMD=20200525
+ '[' gbbepx_v004 = gbbepx_v003 ']'
+ '[' gbbepx_v004 = gbbepx_v004 ']'
+ GBBFILE=/scratch1/BMC/gsd-fv3-dev/MAPP_2018/bhuang/JEDI-2020/JEDI-FV3/NRTdata_UFS-Aerosols/gocart_emissions//nexus/GBBEPx_v004//GBBEPx_all01GRID.emissions_v004_20200525.nc
+ CEDSFILE=/scratch1/BMC/gsd-fv3-dev/MAPP_2018/bhuang/JEDI-2020/JEDI-FV3/NRTdata_UFS-Aerosols/gocart_emissions//nexus/CEDS/v2019//2020/CEDS.2019.emis.20200525.nc
+ MEGANFILE=/scratch1/BMC/gsd-fv3-dev/MAPP_2018/bhuang/JEDI-2020/JEDI-FV3/NRTdata_UFS-Aerosols/gocart_emissions//nexus/MEGAN_OFFLINE_BVOC/v2019-10//2020/MEGAN.OFFLINE.BIOVOC.2020.emis.20200525.nc
+ DUSTFILE=/scratch1/BMC/gsd-fv3-dev/MAPP_2018/bhuang/JEDI-2020/JEDI-FV3/NRTdata_UFS-Aerosols/gocart_emissions//nexus/FENGSHA-HBO//FENGSHA_2022_NESDIS_inputs_10km_v3.2.nc
+ for IFILE in '${GBBFILE}' '${CEDSFILE}' '${MEGANFILE}'
+ '[' '!' -f /scratch1/BMC/gsd-fv3-dev/MAPP_2018/bhuang/JEDI-2020/JEDI-FV3/NRTdata_UFS-Aerosols/gocart_emissions//nexus/GBBEPx_v004//GBBEPx_all01GRID.emissions_v004_20200525.nc ']'
+ for IFILE in '${GBBFILE}' '${CEDSFILE}' '${MEGANFILE}'
+ '[' '!' -f /scratch1/BMC/gsd-fv3-dev/MAPP_2018/bhuang/JEDI-2020/JEDI-FV3/NRTdata_UFS-Aerosols/gocart_emissions//nexus/CEDS/v2019//2020/CEDS.2019.emis.20200525.nc ']'
+ for IFILE in '${GBBFILE}' '${CEDSFILE}' '${MEGANFILE}'
+ '[' '!' -f /scratch1/BMC/gsd-fv3-dev/MAPP_2018/bhuang/JEDI-2020/JEDI-FV3/NRTdata_UFS-Aerosols/gocart_emissions//nexus/MEGAN_OFFLINE_BVOC/v2019-10//2020/MEGAN.OFFLINE.BIOVOC.2020.emis.20200525.nc ']'
+ for IDATE in '${MDATE}' '${CDATE}' '${PDATE}'
++ echo 2020052606
++ cut -c1-4
+ IYY=2020
++ echo 2020052606
++ cut -c5-6
+ IMM=05
++ echo 2020052606
++ cut -c7-8
+ IDD=26
++ echo 2020052606
++ cut -c9-10
+ IHH=06
++ echo 2020052606
++ cut -c1-8
+ IYMD=20200526
+ '[' gbbepx_v004 = gbbepx_v003 ']'
+ '[' gbbepx_v004 = gbbepx_v004 ']'
+ GBBFILE=/scratch1/BMC/gsd-fv3-dev/MAPP_2018/bhuang/JEDI-2020/JEDI-FV3/NRTdata_UFS-Aerosols/gocart_emissions//nexus/GBBEPx_v004//GBBEPx_all01GRID.emissions_v004_20200526.nc
+ CEDSFILE=/scratch1/BMC/gsd-fv3-dev/MAPP_2018/bhuang/JEDI-2020/JEDI-FV3/NRTdata_UFS-Aerosols/gocart_emissions//nexus/CEDS/v2019//2020/CEDS.2019.emis.20200526.nc
+ MEGANFILE=/scratch1/BMC/gsd-fv3-dev/MAPP_2018/bhuang/JEDI-2020/JEDI-FV3/NRTdata_UFS-Aerosols/gocart_emissions//nexus/MEGAN_OFFLINE_BVOC/v2019-10//2020/MEGAN.OFFLINE.BIOVOC.2020.emis.20200526.nc
+ DUSTFILE=/scratch1/BMC/gsd-fv3-dev/MAPP_2018/bhuang/JEDI-2020/JEDI-FV3/NRTdata_UFS-Aerosols/gocart_emissions//nexus/FENGSHA-HBO//FENGSHA_2022_NESDIS_inputs_10km_v3.2.nc
+ for IFILE in '${GBBFILE}' '${CEDSFILE}' '${MEGANFILE}'
+ '[' '!' -f /scratch1/BMC/gsd-fv3-dev/MAPP_2018/bhuang/JEDI-2020/JEDI-FV3/NRTdata_UFS-Aerosols/gocart_emissions//nexus/GBBEPx_v004//GBBEPx_all01GRID.emissions_v004_20200526.nc ']'
+ for IFILE in '${GBBFILE}' '${CEDSFILE}' '${MEGANFILE}'
+ '[' '!' -f /scratch1/BMC/gsd-fv3-dev/MAPP_2018/bhuang/JEDI-2020/JEDI-FV3/NRTdata_UFS-Aerosols/gocart_emissions//nexus/CEDS/v2019//2020/CEDS.2019.emis.20200526.nc ']'
+ for IFILE in '${GBBFILE}' '${CEDSFILE}' '${MEGANFILE}'
+ '[' '!' -f /scratch1/BMC/gsd-fv3-dev/MAPP_2018/bhuang/JEDI-2020/JEDI-FV3/NRTdata_UFS-Aerosols/gocart_emissions//nexus/MEGAN_OFFLINE_BVOC/v2019-10//2020/MEGAN.OFFLINE.BIOVOC.2020.emis.20200526.nc ']'
+ for IDATE in '${MDATE}' '${CDATE}' '${PDATE}'
++ echo 2020052706
++ cut -c1-4
+ IYY=2020
++ echo 2020052706
++ cut -c5-6
+ IMM=05
++ echo 2020052706
++ cut -c7-8
+ IDD=27
++ echo 2020052706
++ cut -c9-10
+ IHH=06
++ echo 2020052706
++ cut -c1-8
+ IYMD=20200527
+ '[' gbbepx_v004 = gbbepx_v003 ']'
+ '[' gbbepx_v004 = gbbepx_v004 ']'
+ GBBFILE=/scratch1/BMC/gsd-fv3-dev/MAPP_2018/bhuang/JEDI-2020/JEDI-FV3/NRTdata_UFS-Aerosols/gocart_emissions//nexus/GBBEPx_v004//GBBEPx_all01GRID.emissions_v004_20200527.nc
+ CEDSFILE=/scratch1/BMC/gsd-fv3-dev/MAPP_2018/bhuang/JEDI-2020/JEDI-FV3/NRTdata_UFS-Aerosols/gocart_emissions//nexus/CEDS/v2019//2020/CEDS.2019.emis.20200527.nc
+ MEGANFILE=/scratch1/BMC/gsd-fv3-dev/MAPP_2018/bhuang/JEDI-2020/JEDI-FV3/NRTdata_UFS-Aerosols/gocart_emissions//nexus/MEGAN_OFFLINE_BVOC/v2019-10//2020/MEGAN.OFFLINE.BIOVOC.2020.emis.20200527.nc
+ DUSTFILE=/scratch1/BMC/gsd-fv3-dev/MAPP_2018/bhuang/JEDI-2020/JEDI-FV3/NRTdata_UFS-Aerosols/gocart_emissions//nexus/FENGSHA-HBO//FENGSHA_2022_NESDIS_inputs_10km_v3.2.nc
+ for IFILE in '${GBBFILE}' '${CEDSFILE}' '${MEGANFILE}'
+ '[' '!' -f /scratch1/BMC/gsd-fv3-dev/MAPP_2018/bhuang/JEDI-2020/JEDI-FV3/NRTdata_UFS-Aerosols/gocart_emissions//nexus/GBBEPx_v004//GBBEPx_all01GRID.emissions_v004_20200527.nc ']'
+ for IFILE in '${GBBFILE}' '${CEDSFILE}' '${MEGANFILE}'
+ '[' '!' -f /scratch1/BMC/gsd-fv3-dev/MAPP_2018/bhuang/JEDI-2020/JEDI-FV3/NRTdata_UFS-Aerosols/gocart_emissions//nexus/CEDS/v2019//2020/CEDS.2019.emis.20200527.nc ']'
+ for IFILE in '${GBBFILE}' '${CEDSFILE}' '${MEGANFILE}'
+ '[' '!' -f /scratch1/BMC/gsd-fv3-dev/MAPP_2018/bhuang/JEDI-2020/JEDI-FV3/NRTdata_UFS-Aerosols/gocart_emissions//nexus/MEGAN_OFFLINE_BVOC/v2019-10//2020/MEGAN.OFFLINE.BIOVOC.2020.emis.20200527.nc ']'
+ exit 0
