20210118?? [Missing AOD from HPSS]
20210119?? [Avail from HPSS, but not generated yet]
20210121?? [Missing AOD HPSS]
20210122?? [Avail from HPSS, but not generated yet]
20200215?? [Avail from HPSS, but cannot fetch it successfully]
2020021600/06/12 [Missing because missing 20200215?? files]
2020032618 [very small amount because of missing aod at 2020032615-2020052715 on HPSS]
2020032700/06/12 [very small amount because of missing aod at 2020032615-2020052715 on HPSS]
2020052618/2700/2706 [all missing because of missing aod at 2020052612-2020052712]
2020052712 [partial missing becasue of above]
2021080312/18 [no npp data from HPSS]
20210804?? [no npp data from HPSS]
20210805?? [no npp data from HPSS]
2021062818 [ missing npp files between 2021062813-2021062919]
2021062900/06/12/18 [ missing npp files between 2021062813-2021062919]
2021121400/06/12/18 [ missing npp files at 20211214]
2021121500 [partial missing becares above]
2022052418/2500/2506/2512 [Missing npp files 2020052414-2515]
2022091412 [missing npp files from 20220903-20220915]
20220416?? [Missing tar files on HPSS]
2022122312 [Mem 11-20 replaced by 71-80]
202208???? [Use j01]
2022072618/27??/28??/29??/30??/31?? [Use j01]
2022040900/06/12/18 [miss j01 and npp 2022041818-2022091920]
